2025-03-04 14:18:34 [restartedMain] INFO  c.a.ProjetLocationApplication - Starting ProjetLocationApplication using Java 23.0.1 with PID 16636 (C:\Users\florian.bon\Documents\Spring\Projet\projet-location\target\classes started by florian.bon in C:\Users\florian.bon\Documents\Spring\Projet\projet-location)
2025-03-04 14:18:34 [restartedMain] DEBUG c.a.ProjetLocationApplication - Running with Spring Boot v3.4.2, Spring v6.2.2
2025-03-04 14:18:34 [restartedMain] INFO  c.a.ProjetLocationApplication - No active profile set, falling back to 1 default profile: "default"
2025-03-04 14:18:43 [restartedMain] INFO  c.a.ProjetLocationApplication - Started ProjetLocationApplication in 9.322 seconds (process running for 11.312)
2025-03-04 14:25:28 [restartedMain] INFO  c.a.ProjetLocationApplication - Starting ProjetLocationApplication using Java 23.0.1 with PID 27088 (C:\Users\florian.bon\Documents\Spring\Projet\projet-location\target\classes started by florian.bon in C:\Users\florian.bon\Documents\Spring\Projet\projet-location)
2025-03-04 14:25:28 [restartedMain] DEBUG c.a.ProjetLocationApplication - Running with Spring Boot v3.4.2, Spring v6.2.2
2025-03-04 14:25:28 [restartedMain] INFO  c.a.ProjetLocationApplication - No active profile set, falling back to 1 default profile: "default"
2025-03-04 14:25:38 [restartedMain] INFO  c.a.ProjetLocationApplication - Started ProjetLocationApplication in 10.282 seconds (process running for 12.458)
2025-03-04 14:26:11 [restartedMain] INFO  c.a.ProjetLocationApplication - Starting ProjetLocationApplication using Java 23.0.1 with PID 27088 (C:\Users\florian.bon\Documents\Spring\Projet\projet-location\target\classes started by florian.bon in C:\Users\florian.bon\Documents\Spring\Projet\projet-location)
2025-03-04 14:26:11 [restartedMain] DEBUG c.a.ProjetLocationApplication - Running with Spring Boot v3.4.2, Spring v6.2.2
2025-03-04 14:26:11 [restartedMain] INFO  c.a.ProjetLocationApplication - No active profile set, falling back to 1 default profile: "default"
2025-03-04 14:26:12 [restartedMain] INFO  c.a.ProjetLocationApplication - Started ProjetLocationApplication in 1.345 seconds (process running for 47.26)
2025-03-04 14:26:14 [restartedMain] INFO  c.a.ProjetLocationApplication - Starting ProjetLocationApplication using Java 23.0.1 with PID 27088 (C:\Users\florian.bon\Documents\Spring\Projet\projet-location\target\classes started by florian.bon in C:\Users\florian.bon\Documents\Spring\Projet\projet-location)
2025-03-04 14:26:14 [restartedMain] DEBUG c.a.ProjetLocationApplication - Running with Spring Boot v3.4.2, Spring v6.2.2
2025-03-04 14:26:14 [restartedMain] INFO  c.a.ProjetLocationApplication - No active profile set, falling back to 1 default profile: "default"
2025-03-04 14:26:15 [restartedMain] INFO  c.a.ProjetLocationApplication - Started ProjetLocationApplication in 1.053 seconds (process running for 49.815)
2025-03-04 14:28:32 [restartedMain] INFO  c.a.ProjetLocationApplication - Starting ProjetLocationApplication using Java 23.0.1 with PID 27088 (C:\Users\florian.bon\Documents\Spring\Projet\projet-location\target\classes started by florian.bon in C:\Users\florian.bon\Documents\Spring\Projet\projet-location)
2025-03-04 14:28:32 [restartedMain] DEBUG c.a.ProjetLocationApplication - Running with Spring Boot v3.4.2, Spring v6.2.2
2025-03-04 14:28:32 [restartedMain] INFO  c.a.ProjetLocationApplication - No active profile set, falling back to 1 default profile: "default"
2025-03-04 14:28:33 [restartedMain] INFO  c.a.ProjetLocationApplication - Started ProjetLocationApplication in 1.278 seconds (process running for 188.145)
2025-03-04 14:28:35 [restartedMain] INFO  c.a.ProjetLocationApplication - Starting ProjetLocationApplication using Java 23.0.1 with PID 27088 (C:\Users\florian.bon\Documents\Spring\Projet\projet-location\target\classes started by florian.bon in C:\Users\florian.bon\Documents\Spring\Projet\projet-location)
2025-03-04 14:28:35 [restartedMain] DEBUG c.a.ProjetLocationApplication - Running with Spring Boot v3.4.2, Spring v6.2.2
2025-03-04 14:28:35 [restartedMain] INFO  c.a.ProjetLocationApplication - No active profile set, falling back to 1 default profile: "default"
2025-03-04 14:28:36 [restartedMain] INFO  c.a.ProjetLocationApplication - Started ProjetLocationApplication in 0.846 seconds (process running for 190.516)
2025-03-04 14:28:56 [restartedMain] INFO  c.a.ProjetLocationApplication - Starting ProjetLocationApplication using Java 23.0.1 with PID 27088 (C:\Users\florian.bon\Documents\Spring\Projet\projet-location\target\classes started by florian.bon in C:\Users\florian.bon\Documents\Spring\Projet\projet-location)
2025-03-04 14:28:56 [restartedMain] DEBUG c.a.ProjetLocationApplication - Running with Spring Boot v3.4.2, Spring v6.2.2
2025-03-04 14:28:56 [restartedMain] INFO  c.a.ProjetLocationApplication - No active profile set, falling back to 1 default profile: "default"
2025-03-04 14:28:57 [restartedMain] INFO  c.a.ProjetLocationApplication - Started ProjetLocationApplication in 0.929 seconds (process running for 211.52)
2025-03-04 14:28:58 [restartedMain] INFO  c.a.ProjetLocationApplication - Starting ProjetLocationApplication using Java 23.0.1 with PID 27088 (C:\Users\florian.bon\Documents\Spring\Projet\projet-location\target\classes started by florian.bon in C:\Users\florian.bon\Documents\Spring\Projet\projet-location)
2025-03-04 14:28:58 [restartedMain] DEBUG c.a.ProjetLocationApplication - Running with Spring Boot v3.4.2, Spring v6.2.2
2025-03-04 14:28:58 [restartedMain] INFO  c.a.ProjetLocationApplication - No active profile set, falling back to 1 default profile: "default"
2025-03-04 14:28:59 [restartedMain] INFO  c.a.ProjetLocationApplication - Started ProjetLocationApplication in 1.092 seconds (process running for 214.136)
2025-03-04 14:29:18 [http-nio-8080-exec-1] ERROR c.a.c.a.ApplicationControllerAdvice - Le mot de passe ne respecte pas les conditions
2025-03-04 14:33:29 [restartedMain] INFO  c.a.ProjetLocationApplication - Starting ProjetLocationApplication using Java 23.0.1 with PID 27088 (C:\Users\florian.bon\Documents\Spring\Projet\projet-location\target\classes started by florian.bon in C:\Users\florian.bon\Documents\Spring\Projet\projet-location)
2025-03-04 14:33:29 [restartedMain] DEBUG c.a.ProjetLocationApplication - Running with Spring Boot v3.4.2, Spring v6.2.2
2025-03-04 14:33:29 [restartedMain] INFO  c.a.ProjetLocationApplication - No active profile set, falling back to 1 default profile: "default"
2025-03-04 14:33:30 [restartedMain] INFO  c.a.ProjetLocationApplication - Started ProjetLocationApplication in 0.971 seconds (process running for 484.868)
2025-03-04 14:33:32 [restartedMain] INFO  c.a.ProjetLocationApplication - Starting ProjetLocationApplication using Java 23.0.1 with PID 27088 (C:\Users\florian.bon\Documents\Spring\Projet\projet-location\target\classes started by florian.bon in C:\Users\florian.bon\Documents\Spring\Projet\projet-location)
2025-03-04 14:33:32 [restartedMain] DEBUG c.a.ProjetLocationApplication - Running with Spring Boot v3.4.2, Spring v6.2.2
2025-03-04 14:33:32 [restartedMain] INFO  c.a.ProjetLocationApplication - No active profile set, falling back to 1 default profile: "default"
2025-03-04 14:33:33 [restartedMain] INFO  c.a.ProjetLocationApplication - Started ProjetLocationApplication in 1.42 seconds (process running for 487.826)
2025-03-04 14:33:50 [http-nio-8080-exec-1] ERROR c.a.c.a.ApplicationControllerAdvice - Email déjà utilisé
2025-03-04 14:34:01 [http-nio-8080-exec-2] INFO  c.a.c.u.AdministrateurController - Ajout AdministrateurAdministrateurResponseDto[email=Tian.Huong@Gail.fr, nom=Huong, prenom=Tian, fonction=CEO]
2025-03-04 14:53:57 [restartedMain] INFO  c.a.ProjetLocationApplication - Starting ProjetLocationApplication using Java 23.0.1 with PID 9612 (C:\Users\florian.bon\Documents\Spring\Projet\projet-location\target\classes started by florian.bon in C:\Users\florian.bon\Documents\Spring\Projet\projet-location)
2025-03-04 14:53:57 [restartedMain] DEBUG c.a.ProjetLocationApplication - Running with Spring Boot v3.4.2, Spring v6.2.2
2025-03-04 14:53:57 [restartedMain] INFO  c.a.ProjetLocationApplication - No active profile set, falling back to 1 default profile: "default"
2025-03-04 14:54:05 [restartedMain] INFO  c.a.ProjetLocationApplication - Started ProjetLocationApplication in 8.268 seconds (process running for 10.301)
2025-03-04 14:55:11 [http-nio-8080-exec-3] ERROR c.a.s.u.AdministrateurServiceImpl - verifierAdministrateur : Le mot de passe ne respecte pas les conditions
2025-03-04 14:55:11 [http-nio-8080-exec-3] ERROR c.a.c.a.ApplicationControllerAdvice - Le mot de passe ne respecte pas les conditions
2025-03-04 15:00:02 [restartedMain] INFO  c.a.ProjetLocationApplication - Starting ProjetLocationApplication using Java 23.0.1 with PID 9612 (C:\Users\florian.bon\Documents\Spring\Projet\projet-location\target\classes started by florian.bon in C:\Users\florian.bon\Documents\Spring\Projet\projet-location)
2025-03-04 15:00:02 [restartedMain] DEBUG c.a.ProjetLocationApplication - Running with Spring Boot v3.4.2, Spring v6.2.2
2025-03-04 15:00:02 [restartedMain] INFO  c.a.ProjetLocationApplication - No active profile set, falling back to 1 default profile: "default"
2025-03-04 15:00:03 [restartedMain] INFO  c.a.ProjetLocationApplication - Started ProjetLocationApplication in 1.339 seconds (process running for 368.432)
2025-03-04 15:00:05 [restartedMain] INFO  c.a.ProjetLocationApplication - Starting ProjetLocationApplication using Java 23.0.1 with PID 9612 (C:\Users\florian.bon\Documents\Spring\Projet\projet-location\target\classes started by florian.bon in C:\Users\florian.bon\Documents\Spring\Projet\projet-location)
2025-03-04 15:00:05 [restartedMain] DEBUG c.a.ProjetLocationApplication - Running with Spring Boot v3.4.2, Spring v6.2.2
2025-03-04 15:00:05 [restartedMain] INFO  c.a.ProjetLocationApplication - No active profile set, falling back to 1 default profile: "default"
2025-03-04 15:00:06 [restartedMain] INFO  c.a.ProjetLocationApplication - Started ProjetLocationApplication in 0.909 seconds (process running for 370.852)
2025-03-04 15:00:20 [restartedMain] INFO  c.a.ProjetLocationApplication - Starting ProjetLocationApplication using Java 23.0.1 with PID 9612 (C:\Users\florian.bon\Documents\Spring\Projet\projet-location\target\classes started by florian.bon in C:\Users\florian.bon\Documents\Spring\Projet\projet-location)
2025-03-04 15:00:20 [restartedMain] DEBUG c.a.ProjetLocationApplication - Running with Spring Boot v3.4.2, Spring v6.2.2
2025-03-04 15:00:20 [restartedMain] INFO  c.a.ProjetLocationApplication - No active profile set, falling back to 1 default profile: "default"
2025-03-04 15:00:21 [restartedMain] INFO  c.a.ProjetLocationApplication - Started ProjetLocationApplication in 1.658 seconds (process running for 386.45)
2025-03-04 15:00:23 [restartedMain] INFO  c.a.ProjetLocationApplication - Starting ProjetLocationApplication using Java 23.0.1 with PID 9612 (C:\Users\florian.bon\Documents\Spring\Projet\projet-location\target\classes started by florian.bon in C:\Users\florian.bon\Documents\Spring\Projet\projet-location)
2025-03-04 15:00:23 [restartedMain] DEBUG c.a.ProjetLocationApplication - Running with Spring Boot v3.4.2, Spring v6.2.2
2025-03-04 15:00:23 [restartedMain] INFO  c.a.ProjetLocationApplication - No active profile set, falling back to 1 default profile: "default"
2025-03-04 15:00:24 [restartedMain] INFO  c.a.ProjetLocationApplication - Started ProjetLocationApplication in 0.897 seconds (process running for 388.855)
2025-03-04 15:00:56 [http-nio-8080-exec-1] ERROR c.a.c.a.ApplicationControllerAdvice - Le mot de passe est obligatoire
2025-03-04 15:02:03 [http-nio-8080-exec-2] ERROR c.a.c.a.ApplicationControllerAdvice - Email déjà utilisé
2025-03-04 15:02:27 [http-nio-8080-exec-3] INFO  c.a.c.u.AdministrateurController - Ajout Administrateur : AdministrateurResponseDto[email=Tian.Huong@Gmil.fr, nom=Huong, prenom=Tian, fonction=CEO]
2025-03-04 15:39:58 [restartedMain] INFO  c.a.ProjetLocationApplication - Starting ProjetLocationApplication using Java 23.0.1 with PID 30548 (C:\Users\florian.bon\Documents\Spring\Projet\projet-location\target\classes started by florian.bon in C:\Users\florian.bon\Documents\Spring\Projet\projet-location)
2025-03-04 15:39:58 [restartedMain] DEBUG c.a.ProjetLocationApplication - Running with Spring Boot v3.4.2, Spring v6.2.2
2025-03-04 15:39:58 [restartedMain] INFO  c.a.ProjetLocationApplication - No active profile set, falling back to 1 default profile: "default"
2025-03-04 15:40:06 [restartedMain] INFO  c.a.ProjetLocationApplication - Started ProjetLocationApplication in 7.857 seconds (process running for 9.988)
2025-03-04 15:40:24 [http-nio-8080-exec-1] INFO  c.a.c.u.AdministrateurController - Ajout Administrateur : AdministrateurResponseDto[email=Tian.Hug@Gmil.fr, nom=Huong, prenom=Tian, fonction=CEO]
2025-03-04 15:40:58 [http-nio-8080-exec-2] INFO  c.a.c.u.AdministrateurController - Suppression Administrateur : Tian.Hug@Gmil.fr
2025-03-04 15:42:43 [restartedMain] INFO  c.a.ProjetLocationApplication - Starting ProjetLocationApplication using Java 23.0.1 with PID 30548 (C:\Users\florian.bon\Documents\Spring\Projet\projet-location\target\classes started by florian.bon in C:\Users\florian.bon\Documents\Spring\Projet\projet-location)
2025-03-04 15:42:43 [restartedMain] DEBUG c.a.ProjetLocationApplication - Running with Spring Boot v3.4.2, Spring v6.2.2
2025-03-04 15:42:43 [restartedMain] INFO  c.a.ProjetLocationApplication - No active profile set, falling back to 1 default profile: "default"
2025-03-04 15:42:44 [restartedMain] INFO  c.a.ProjetLocationApplication - Started ProjetLocationApplication in 1.404 seconds (process running for 168.212)
2025-03-04 15:42:45 [restartedMain] INFO  c.a.ProjetLocationApplication - Starting ProjetLocationApplication using Java 23.0.1 with PID 30548 (C:\Users\florian.bon\Documents\Spring\Projet\projet-location\target\classes started by florian.bon in C:\Users\florian.bon\Documents\Spring\Projet\projet-location)
2025-03-04 15:42:45 [restartedMain] DEBUG c.a.ProjetLocationApplication - Running with Spring Boot v3.4.2, Spring v6.2.2
2025-03-04 15:42:45 [restartedMain] INFO  c.a.ProjetLocationApplication - No active profile set, falling back to 1 default profile: "default"
2025-03-04 15:42:46 [restartedMain] INFO  c.a.ProjetLocationApplication - Started ProjetLocationApplication in 0.868 seconds (process running for 170.572)
2025-03-04 15:43:02 [http-nio-8080-exec-1] INFO  c.a.c.vehicule.VoitureController - rechercherToutes : [VoitureResponseDto[id=1, marque=Ford, modele=201, couleur=Rouge, nombreDePlaces=9, carburant=DIESEL, typeVoiture=CITADINE, nombresDePortes=TROIS, transmission=AUTO, climatisation=true, nombredeBagages=4, permis=B], VoitureResponseDto[id=2, marque=Ford, modele=2014, couleur=Rouge, nombreDePlaces=9, carburant=DIESEL, typeVoiture=CITADINE, nombresDePortes=CINQ, transmission=AUTO, climatisation=true, nombredeBagages=4, permis=B], VoitureResponseDto[id=3, marque=Ford, modele=Bravo, couleur=Rouge, nombreDePlaces=9, carburant=ESSENCE, typeVoiture=BERLINE, nombresDePortes=CINQ, transmission=AUTO, climatisation=true, nombredeBagages=4, permis=B]]
2025-03-04 15:43:55 [main] ERROR c.a.s.u.AdministrateurServiceImpl - verifierAdministrateur : L'adresse email doit être valide
2025-03-04 15:43:55 [main] ERROR c.a.s.u.AdministrateurServiceImpl - verifierAdministrateur : L'adresse email est obligatoire
2025-03-04 15:43:55 [main] ERROR c.a.s.u.AdministrateurServiceImpl - verifierAdministrateur : Le nom est obligatoire
2025-03-04 15:43:55 [main] ERROR c.a.s.u.AdministrateurServiceImpl - verifierAdministrateur : La fonction est obligatoire
2025-03-04 15:43:55 [main] ERROR c.a.s.u.AdministrateurServiceImpl - verifierPasswordAdministrateurEmail ou password erroné
2025-03-04 15:43:55 [main] ERROR c.a.s.u.AdministrateurServiceImpl - verifierPasswordAdministrateurEmail ou password erroné
2025-03-04 15:43:55 [main] ERROR c.a.s.u.AdministrateurServiceImpl - verifierAdministrateur : L'adresse email est obligatoire
2025-03-04 15:43:55 [main] ERROR c.a.s.u.AdministrateurServiceImpl - verifierAdministrateur : La requête est null
2025-03-04 15:43:55 [main] ERROR c.a.s.u.AdministrateurServiceImpl - verifierAdministrateur : Le prenom est obligatoire
2025-03-04 15:43:55 [main] ERROR c.a.s.u.AdministrateurServiceImpl - verifierAdministrateur : Le mot de passe ne respecte pas les conditions
2025-03-04 15:43:55 [main] ERROR c.a.s.u.AdministrateurServiceImpl - verifierAdministrateur : Le nom est obligatoire
2025-03-04 15:43:56 [main] ERROR c.a.s.u.AdministrateurServiceImpl - verifierAdministrateur : Le prenom est obligatoire
2025-03-04 15:43:56 [main] ERROR c.a.s.u.AdministrateurServiceImpl - verifierPasswordAdministrateurEmail ou password erroné
2025-03-04 15:43:56 [main] ERROR c.a.s.u.AdministrateurServiceImpl - verifierAdministrateur : La fonction est obligatoire
2025-03-04 15:43:56 [main] ERROR c.a.s.u.AdministrateurServiceImpl - verifierPasswordAdministrateurEmail ou password erroné
2025-03-04 15:43:56 [main] ERROR c.a.s.u.AdministrateurServiceImpl - verifierAdministrateur : Le mot de passe ne respecte pas les conditions
2025-03-04 15:43:56 [main] ERROR c.a.s.u.AdministrateurServiceImpl - verifierAdministrateur : Le mot de passe ne respecte pas les conditions
2025-03-04 15:43:56 [main] ERROR c.a.s.u.AdministrateurServiceImpl - verifierPasswordAdministrateurEmail ou password erroné
2025-03-04 15:43:56 [main] ERROR c.a.s.u.AdministrateurServiceImpl - verifierPasswordAdministrateurEmail ou password erroné
2025-03-04 15:43:56 [main] ERROR c.a.s.u.AdministrateurServiceImpl - supprimerParid() : Vous ne pouvez pas supprimer le dernière administrateur en base.
2025-03-04 15:44:26 [main] ERROR c.a.s.utilisateur.ClientServiceImpl - verifierClient : L'adresse email doit être valide
2025-03-04 15:44:26 [main] ERROR c.a.s.utilisateur.ClientServiceImpl - verifierClient : L'adresse email est obligatoire
2025-03-04 15:44:26 [main] ERROR c.a.s.utilisateur.ClientServiceImpl - verifierCLient : Vous devez être majeur pour vous inscrire
2025-03-04 15:44:26 [main] ERROR c.a.s.utilisateur.ClientServiceImpl - verifierClient : Le nom est obligatoire
2025-03-04 15:44:26 [main] ERROR c.a.s.utilisateur.ClientServiceImpl - verifierPasswordClientEmail ou password erroné
2025-03-04 15:44:26 [main] ERROR c.a.s.utilisateur.ClientServiceImpl - verifierPasswordClientEmail ou password erroné
2025-03-04 15:44:26 [main] ERROR c.a.s.utilisateur.ClientServiceImpl - verifierClient : Le code postal est obligatoire
2025-03-04 15:44:26 [main] ERROR c.a.s.utilisateur.ClientServiceImpl - verifierClient : La ville est obligatoire
2025-03-04 15:44:26 [main] ERROR c.a.s.utilisateur.ClientServiceImpl - verifierClient : La rue est obligatoire
2025-03-04 15:44:26 [main] ERROR c.a.s.utilisateur.ClientServiceImpl - verifierClient : L'adresse email est obligatoire
2025-03-04 15:44:26 [main] ERROR c.a.s.utilisateur.ClientServiceImpl - verifierCLient : La date de naissance est obligatoire
2025-03-04 15:44:26 [main] ERROR c.a.s.utilisateur.ClientServiceImpl - verifierClient : La requête est null
2025-03-04 15:44:26 [main] ERROR c.a.s.utilisateur.ClientServiceImpl - verifierCLient : Le prenom est obligatoire
2025-03-04 15:44:26 [main] ERROR c.a.s.utilisateur.ClientServiceImpl - verifierClient : Le mot de passe ne respecte pas les conditions
2025-03-04 15:44:26 [main] ERROR c.a.s.utilisateur.ClientServiceImpl - verifierClient : Le nom est obligatoire
2025-03-04 15:44:26 [main] ERROR c.a.s.utilisateur.ClientServiceImpl - verifierClient : La ville est obligatoire
2025-03-04 15:44:26 [main] ERROR c.a.s.utilisateur.ClientServiceImpl - verifierPasswordClientEmail ou password erroné
2025-03-04 15:44:26 [main] ERROR c.a.s.utilisateur.ClientServiceImpl - verifierCLient : Le prenom est obligatoire
2025-03-04 15:44:26 [main] ERROR c.a.s.utilisateur.ClientServiceImpl - verifierClient : Le code postal est obligatoire
2025-03-04 15:44:26 [main] ERROR c.a.s.utilisateur.ClientServiceImpl - verifierPasswordClientEmail ou password erroné
2025-03-04 15:44:26 [main] ERROR c.a.s.utilisateur.ClientServiceImpl - Erreur : Email déjà utilisé
2025-03-04 15:44:26 [main] ERROR c.a.s.utilisateur.ClientServiceImpl - verifierPasswordClientEmail ou password erroné
2025-03-04 15:44:26 [main] ERROR c.a.s.utilisateur.ClientServiceImpl - verifierClient : Le mot de passe ne respecte pas les conditions
2025-03-04 15:44:26 [main] ERROR c.a.s.utilisateur.ClientServiceImpl - verifierClient : L'adresse est obligatoire
2025-03-04 15:44:26 [main] ERROR c.a.s.utilisateur.ClientServiceImpl - verifierClient : La rue est obligatoire
2025-03-04 15:44:26 [main] ERROR c.a.s.utilisateur.ClientServiceImpl - verifierClient : Le mot de passe ne respecte pas les conditions
2025-03-04 15:44:26 [main] ERROR c.a.s.utilisateur.ClientServiceImpl - verifierPasswordClientEmail ou password erroné
2025-03-04 15:45:39 [main] ERROR c.a.s.utilisateur.ClientServiceImpl - verifierClient : L'adresse email doit être valide
2025-03-04 15:45:40 [main] ERROR c.a.s.utilisateur.ClientServiceImpl - verifierClient : L'adresse Email est obligatoire
2025-03-04 15:45:40 [main] ERROR c.a.s.utilisateur.ClientServiceImpl - verifierCLient : Vous devez être majeur pour vous inscrire
2025-03-04 15:45:40 [main] ERROR c.a.s.utilisateur.ClientServiceImpl - verifierClient : Le nom est obligatoire
2025-03-04 15:45:40 [main] ERROR c.a.s.utilisateur.ClientServiceImpl - verifierPasswordClientEmail ou password erroné
2025-03-04 15:45:40 [main] ERROR c.a.s.utilisateur.ClientServiceImpl - verifierPasswordClientEmail ou password erroné
2025-03-04 15:45:40 [main] ERROR c.a.s.utilisateur.ClientServiceImpl - verifierClient : Le code postal est obligatoire
2025-03-04 15:45:40 [main] ERROR c.a.s.utilisateur.ClientServiceImpl - verifierClient : La ville est obligatoire
2025-03-04 15:45:40 [main] ERROR c.a.s.utilisateur.ClientServiceImpl - verifierClient : La rue est obligatoire
2025-03-04 15:45:40 [main] ERROR c.a.s.utilisateur.ClientServiceImpl - verifierClient : L'adresse Email est obligatoire
2025-03-04 15:45:40 [main] ERROR c.a.s.utilisateur.ClientServiceImpl - verifierCLient : La date de naissance est obligatoire
2025-03-04 15:45:40 [main] ERROR c.a.s.utilisateur.ClientServiceImpl - verifierClient : La requête est null
2025-03-04 15:45:40 [main] ERROR c.a.s.utilisateur.ClientServiceImpl - verifierCLient : Le prenom est obligatoire
2025-03-04 15:45:40 [main] ERROR c.a.s.utilisateur.ClientServiceImpl - verifierClient : Le mot de passe ne respecte pas les conditions
2025-03-04 15:45:40 [main] ERROR c.a.s.utilisateur.ClientServiceImpl - verifierClient : Le nom est obligatoire
2025-03-04 15:45:40 [main] ERROR c.a.s.utilisateur.ClientServiceImpl - verifierClient : La ville est obligatoire
2025-03-04 15:45:40 [main] ERROR c.a.s.utilisateur.ClientServiceImpl - verifierPasswordClientEmail ou password erroné
2025-03-04 15:45:40 [main] ERROR c.a.s.utilisateur.ClientServiceImpl - verifierCLient : Le prenom est obligatoire
2025-03-04 15:45:40 [main] ERROR c.a.s.utilisateur.ClientServiceImpl - verifierClient : Le code postal est obligatoire
2025-03-04 15:45:40 [main] ERROR c.a.s.utilisateur.ClientServiceImpl - verifierPasswordClientEmail ou password erroné
2025-03-04 15:45:40 [main] ERROR c.a.s.utilisateur.ClientServiceImpl - Erreur : Email déjà utilisé
2025-03-04 15:45:40 [main] ERROR c.a.s.utilisateur.ClientServiceImpl - verifierPasswordClientEmail ou password erroné
2025-03-04 15:45:40 [main] ERROR c.a.s.utilisateur.ClientServiceImpl - verifierClient : Le mot de passe ne respecte pas les conditions
2025-03-04 15:45:40 [main] ERROR c.a.s.utilisateur.ClientServiceImpl - verifierClient : L'adresse est obligatoire
2025-03-04 15:45:40 [main] ERROR c.a.s.utilisateur.ClientServiceImpl - verifierClient : La rue est obligatoire
2025-03-04 15:45:40 [main] ERROR c.a.s.utilisateur.ClientServiceImpl - verifierClient : Le mot de passe ne respecte pas les conditions
2025-03-04 15:45:40 [main] ERROR c.a.s.utilisateur.ClientServiceImpl - verifierPasswordClientEmail ou password erroné
2025-03-04 15:46:36 [main] ERROR c.a.s.utilisateur.ClientServiceImpl - verifierClient : L'adresse email doit être valide
2025-03-04 15:46:36 [main] ERROR c.a.s.utilisateur.ClientServiceImpl - verifierClient : L'adresse Email est obligatoire
2025-03-04 15:46:36 [main] ERROR c.a.s.utilisateur.ClientServiceImpl - verifierCLient : Vous devez être majeur pour vous inscrire
2025-03-04 15:46:36 [main] ERROR c.a.s.utilisateur.ClientServiceImpl - verifierClient : Le nom est obligatoire
2025-03-04 15:46:36 [main] ERROR c.a.s.utilisateur.ClientServiceImpl - verifierPasswordClientEmail ou password erroné
2025-03-04 15:46:36 [main] ERROR c.a.s.utilisateur.ClientServiceImpl - verifierPasswordClientEmail ou password erroné
2025-03-04 15:46:36 [main] ERROR c.a.s.utilisateur.ClientServiceImpl - verifierClient : Le code postal est obligatoire
2025-03-04 15:46:36 [main] ERROR c.a.s.utilisateur.ClientServiceImpl - verifierClient : La ville est obligatoire
2025-03-04 15:46:36 [main] ERROR c.a.s.utilisateur.ClientServiceImpl - verifierClient : La rue est obligatoire
2025-03-04 15:46:36 [main] ERROR c.a.s.utilisateur.ClientServiceImpl - verifierClient : L'adresse Email est obligatoire
2025-03-04 15:46:36 [main] ERROR c.a.s.utilisateur.ClientServiceImpl - verifierCLient : La date de naissance est obligatoire
2025-03-04 15:46:36 [main] ERROR c.a.s.utilisateur.ClientServiceImpl - verifierClient : La requête est null
2025-03-04 15:46:36 [main] ERROR c.a.s.utilisateur.ClientServiceImpl - verifierCLient : Le prenom est obligatoire
2025-03-04 15:46:36 [main] ERROR c.a.s.utilisateur.ClientServiceImpl - verifierClient : Le mot de passe ne respecte pas les conditions
2025-03-04 15:46:36 [main] ERROR c.a.s.utilisateur.ClientServiceImpl - verifierClient : Le nom est obligatoire
2025-03-04 15:46:36 [main] ERROR c.a.s.utilisateur.ClientServiceImpl - verifierClient : La ville est obligatoire
2025-03-04 15:46:36 [main] ERROR c.a.s.utilisateur.ClientServiceImpl - verifierPasswordClientEmail ou password erroné
2025-03-04 15:46:36 [main] ERROR c.a.s.utilisateur.ClientServiceImpl - verifierCLient : Le prenom est obligatoire
2025-03-04 15:46:36 [main] ERROR c.a.s.utilisateur.ClientServiceImpl - verifierClient : Le code postal est obligatoire
2025-03-04 15:46:36 [main] ERROR c.a.s.utilisateur.ClientServiceImpl - verifierPasswordClientEmail ou password erroné
2025-03-04 15:46:36 [main] ERROR c.a.s.utilisateur.ClientServiceImpl - Erreur : Email déjà utilisé
2025-03-04 15:46:36 [main] ERROR c.a.s.utilisateur.ClientServiceImpl - verifierPasswordClientEmail ou password erroné
2025-03-04 15:46:36 [main] ERROR c.a.s.utilisateur.ClientServiceImpl - verifierClient : Le mot de passe ne respecte pas les conditions
2025-03-04 15:46:36 [main] ERROR c.a.s.utilisateur.ClientServiceImpl - verifierClient : L'adresse est obligatoire
2025-03-04 15:46:36 [main] ERROR c.a.s.utilisateur.ClientServiceImpl - verifierClient : La rue est obligatoire
2025-03-04 15:46:36 [main] ERROR c.a.s.utilisateur.ClientServiceImpl - verifierClient : Le mot de passe ne respecte pas les conditions
2025-03-04 15:46:36 [main] ERROR c.a.s.utilisateur.ClientServiceImpl - verifierPasswordClientEmail ou password erroné
2025-03-04 15:47:11 [main] ERROR c.a.s.utilisateur.ClientServiceImpl - verifierClient : L'adresse email doit être valide
2025-03-04 15:47:11 [main] ERROR c.a.s.utilisateur.ClientServiceImpl - verifierClient : L'adresse Email est obligatoire
2025-03-04 15:47:11 [main] ERROR c.a.s.utilisateur.ClientServiceImpl - verifierCLient : Vous devez être majeur pour vous inscrire
2025-03-04 15:47:11 [main] ERROR c.a.s.utilisateur.ClientServiceImpl - verifierClient : Le nom est obligatoire
2025-03-04 15:47:11 [main] ERROR c.a.s.utilisateur.ClientServiceImpl - verifierPasswordClientEmail ou password erroné
2025-03-04 15:47:11 [main] ERROR c.a.s.utilisateur.ClientServiceImpl - verifierPasswordClientEmail ou password erroné
2025-03-04 15:47:11 [main] ERROR c.a.s.utilisateur.ClientServiceImpl - verifierClient : Le code postal est obligatoire
2025-03-04 15:47:11 [main] ERROR c.a.s.utilisateur.ClientServiceImpl - verifierClient : La ville est obligatoire
2025-03-04 15:47:11 [main] ERROR c.a.s.utilisateur.ClientServiceImpl - verifierClient : La rue est obligatoire
2025-03-04 15:47:11 [main] ERROR c.a.s.utilisateur.ClientServiceImpl - verifierClient : L'adresse Email est obligatoire
2025-03-04 15:47:11 [main] ERROR c.a.s.utilisateur.ClientServiceImpl - verifierCLient : La date de naissance est obligatoire
2025-03-04 15:47:11 [main] ERROR c.a.s.utilisateur.ClientServiceImpl - verifierClient : La requete est null
2025-03-04 15:47:11 [main] ERROR c.a.s.utilisateur.ClientServiceImpl - verifierCLient : Le prenom est obligatoire
2025-03-04 15:47:11 [main] ERROR c.a.s.utilisateur.ClientServiceImpl - verifierClient : Le mot de passe ne respecte pas les conditions
2025-03-04 15:47:11 [main] ERROR c.a.s.utilisateur.ClientServiceImpl - verifierClient : Le nom est obligatoire
2025-03-04 15:47:11 [main] ERROR c.a.s.utilisateur.ClientServiceImpl - verifierClient : La ville est obligatoire
2025-03-04 15:47:11 [main] ERROR c.a.s.utilisateur.ClientServiceImpl - verifierPasswordClientEmail ou password erroné
2025-03-04 15:47:11 [main] ERROR c.a.s.utilisateur.ClientServiceImpl - verifierCLient : Le prenom est obligatoire
2025-03-04 15:47:11 [main] ERROR c.a.s.utilisateur.ClientServiceImpl - verifierClient : Le code postal est obligatoire
2025-03-04 15:47:11 [main] ERROR c.a.s.utilisateur.ClientServiceImpl - verifierPasswordClientEmail ou password erroné
2025-03-04 15:47:11 [main] ERROR c.a.s.utilisateur.ClientServiceImpl - Erreur : Email déjà utilisé
2025-03-04 15:47:11 [main] ERROR c.a.s.utilisateur.ClientServiceImpl - verifierPasswordClientEmail ou password erroné
2025-03-04 15:47:11 [main] ERROR c.a.s.utilisateur.ClientServiceImpl - verifierClient : Le mot de passe ne respecte pas les conditions
2025-03-04 15:47:11 [main] ERROR c.a.s.utilisateur.ClientServiceImpl - verifierClient : L'adresse est obligatoire
2025-03-04 15:47:11 [main] ERROR c.a.s.utilisateur.ClientServiceImpl - verifierClient : La rue est obligatoire
2025-03-04 15:47:11 [main] ERROR c.a.s.utilisateur.ClientServiceImpl - verifierClient : Le mot de passe ne respecte pas les conditions
2025-03-04 15:47:11 [main] ERROR c.a.s.utilisateur.ClientServiceImpl - verifierPasswordClientEmail ou password erroné
2025-03-04 15:47:27 [main] ERROR c.a.s.utilisateur.ClientServiceImpl - verifierClient : L'adresse email doit être valide
2025-03-04 15:47:27 [main] ERROR c.a.s.utilisateur.ClientServiceImpl - verifierClient : L'adresse Email est obligatoire
2025-03-04 15:47:27 [main] ERROR c.a.s.utilisateur.ClientServiceImpl - verifierCLient : Vous devez être majeur pour vous inscrire
2025-03-04 15:47:27 [main] ERROR c.a.s.utilisateur.ClientServiceImpl - verifierClient : Le nom est obligatoire
2025-03-04 15:47:27 [main] ERROR c.a.s.utilisateur.ClientServiceImpl - verifierPasswordClientEmail ou password erroné
2025-03-04 15:47:27 [main] ERROR c.a.s.utilisateur.ClientServiceImpl - verifierPasswordClientEmail ou password erroné
2025-03-04 15:47:27 [main] ERROR c.a.s.utilisateur.ClientServiceImpl - verifierClient : Le code postal est obligatoire
2025-03-04 15:47:27 [main] ERROR c.a.s.utilisateur.ClientServiceImpl - verifierClient : La ville est obligatoire
2025-03-04 15:47:27 [main] ERROR c.a.s.utilisateur.ClientServiceImpl - verifierClient : La rue est obligatoire
2025-03-04 15:47:27 [main] ERROR c.a.s.utilisateur.ClientServiceImpl - verifierClient : L'adresse Email est obligatoire
2025-03-04 15:47:27 [main] ERROR c.a.s.utilisateur.ClientServiceImpl - verifierCLient : La date de naissance est obligatoire
2025-03-04 15:47:27 [main] ERROR c.a.s.utilisateur.ClientServiceImpl - verifierClient : La requete est null
2025-03-04 15:47:27 [main] ERROR c.a.s.utilisateur.ClientServiceImpl - verifierCLient : Le prenom est obligatoire
2025-03-04 15:47:27 [main] ERROR c.a.s.utilisateur.ClientServiceImpl - verifierClient : Le mot de passe ne respecte pas les conditions
2025-03-04 15:47:27 [main] ERROR c.a.s.utilisateur.ClientServiceImpl - verifierClient : Le nom est obligatoire
2025-03-04 15:47:27 [main] ERROR c.a.s.utilisateur.ClientServiceImpl - verifierClient : La ville est obligatoire
2025-03-04 15:47:27 [main] ERROR c.a.s.utilisateur.ClientServiceImpl - verifierPasswordClientEmail ou password erroné
2025-03-04 15:47:27 [main] ERROR c.a.s.utilisateur.ClientServiceImpl - verifierCLient : Le prenom est obligatoire
2025-03-04 15:47:27 [main] ERROR c.a.s.utilisateur.ClientServiceImpl - verifierClient : Le code postal est obligatoire
2025-03-04 15:47:27 [main] ERROR c.a.s.utilisateur.ClientServiceImpl - verifierPasswordClientEmail ou password erroné
2025-03-04 15:47:27 [main] ERROR c.a.s.utilisateur.ClientServiceImpl - Erreur : Email déjà utilisé
2025-03-04 15:47:27 [main] ERROR c.a.s.utilisateur.ClientServiceImpl - verifierPasswordClientEmail ou password erroné
2025-03-04 15:47:27 [main] ERROR c.a.s.utilisateur.ClientServiceImpl - verifierClient : Le mot de passe ne respecte pas les conditions
2025-03-04 15:47:27 [main] ERROR c.a.s.utilisateur.ClientServiceImpl - verifierClient : L'adresse est obligatoire
2025-03-04 15:47:27 [main] ERROR c.a.s.utilisateur.ClientServiceImpl - verifierClient : La rue est obligatoire
2025-03-04 15:47:27 [main] ERROR c.a.s.utilisateur.ClientServiceImpl - verifierClient : Le mot de passe ne respecte pas les conditions
2025-03-04 15:47:27 [main] ERROR c.a.s.utilisateur.ClientServiceImpl - verifierPasswordClientEmail ou password erroné
2025-03-04 15:48:04 [main] ERROR c.a.s.u.AdministrateurServiceImpl - verifierAdministrateur : L'adresse email doit être valide
2025-03-04 15:48:04 [main] ERROR c.a.s.u.AdministrateurServiceImpl - verifierAdministrateur : L'adresse email est obligatoire
2025-03-04 15:48:04 [main] ERROR c.a.s.u.AdministrateurServiceImpl - verifierAdministrateur : Le nom est obligatoire
2025-03-04 15:48:04 [main] ERROR c.a.s.u.AdministrateurServiceImpl - verifierAdministrateur : La fonction est obligatoire
2025-03-04 15:48:04 [main] ERROR c.a.s.u.AdministrateurServiceImpl - verifierPasswordAdministrateurEmail ou password erroné
2025-03-04 15:48:04 [main] ERROR c.a.s.u.AdministrateurServiceImpl - verifierPasswordAdministrateurEmail ou password erroné
2025-03-04 15:48:04 [main] ERROR c.a.s.u.AdministrateurServiceImpl - verifierAdministrateur : L'adresse email est obligatoire
2025-03-04 15:48:04 [main] ERROR c.a.s.u.AdministrateurServiceImpl - verifierAdministrateur : La requête est null
2025-03-04 15:48:04 [main] ERROR c.a.s.u.AdministrateurServiceImpl - verifierAdministrateur : Le prenom est obligatoire
2025-03-04 15:48:04 [main] ERROR c.a.s.u.AdministrateurServiceImpl - verifierAdministrateur : Le mot de passe ne respecte pas les conditions
2025-03-04 15:48:04 [main] ERROR c.a.s.u.AdministrateurServiceImpl - verifierAdministrateur : Le nom est obligatoire
2025-03-04 15:48:04 [main] ERROR c.a.s.u.AdministrateurServiceImpl - verifierAdministrateur : Le prenom est obligatoire
2025-03-04 15:48:04 [main] ERROR c.a.s.u.AdministrateurServiceImpl - verifierPasswordAdministrateurEmail ou password erroné
2025-03-04 15:48:04 [main] ERROR c.a.s.u.AdministrateurServiceImpl - verifierAdministrateur : La fonction est obligatoire
2025-03-04 15:48:04 [main] ERROR c.a.s.u.AdministrateurServiceImpl - verifierPasswordAdministrateurEmail ou password erroné
2025-03-04 15:48:04 [main] ERROR c.a.s.u.AdministrateurServiceImpl - verifierAdministrateur : Le mot de passe ne respecte pas les conditions
2025-03-04 15:48:04 [main] ERROR c.a.s.u.AdministrateurServiceImpl - verifierAdministrateur : Le mot de passe ne respecte pas les conditions
2025-03-04 15:48:04 [main] ERROR c.a.s.u.AdministrateurServiceImpl - verifierPasswordAdministrateurEmail ou password erroné
2025-03-04 15:48:04 [main] ERROR c.a.s.u.AdministrateurServiceImpl - verifierPasswordAdministrateurEmail ou password erroné
2025-03-04 15:48:04 [main] ERROR c.a.s.u.AdministrateurServiceImpl - supprimerParid() : Vous ne pouvez pas supprimer le dernière administrateur en base.
2025-03-04 16:05:24 [restartedMain] INFO  c.a.ProjetLocationApplication - Starting ProjetLocationApplication using Java 23.0.1 with PID 30692 (C:\Users\florian.bon\Documents\Spring\Projet\projet-location\target\classes started by florian.bon in C:\Users\florian.bon\Documents\Spring\Projet\projet-location)
2025-03-04 16:05:24 [restartedMain] DEBUG c.a.ProjetLocationApplication - Running with Spring Boot v3.4.2, Spring v6.2.2
2025-03-04 16:05:24 [restartedMain] INFO  c.a.ProjetLocationApplication - No active profile set, falling back to 1 default profile: "default"
2025-03-04 16:05:34 [restartedMain] INFO  c.a.ProjetLocationApplication - Started ProjetLocationApplication in 10.531 seconds (process running for 11.598)
2025-03-04 16:08:53 [restartedMain] INFO  c.a.ProjetLocationApplication - Starting ProjetLocationApplication using Java 23.0.1 with PID 30692 (C:\Users\florian.bon\Documents\Spring\Projet\projet-location\target\classes started by florian.bon in C:\Users\florian.bon\Documents\Spring\Projet\projet-location)
2025-03-04 16:08:53 [restartedMain] DEBUG c.a.ProjetLocationApplication - Running with Spring Boot v3.4.2, Spring v6.2.2
2025-03-04 16:08:53 [restartedMain] INFO  c.a.ProjetLocationApplication - No active profile set, falling back to 1 default profile: "default"
2025-03-04 16:08:56 [restartedMain] INFO  c.a.ProjetLocationApplication - Started ProjetLocationApplication in 2.853 seconds (process running for 213.391)
2025-03-04 16:09:04 [restartedMain] INFO  c.a.ProjetLocationApplication - Starting ProjetLocationApplication using Java 23.0.1 with PID 30692 (C:\Users\florian.bon\Documents\Spring\Projet\projet-location\target\classes started by florian.bon in C:\Users\florian.bon\Documents\Spring\Projet\projet-location)
2025-03-04 16:09:04 [restartedMain] DEBUG c.a.ProjetLocationApplication - Running with Spring Boot v3.4.2, Spring v6.2.2
2025-03-04 16:09:04 [restartedMain] INFO  c.a.ProjetLocationApplication - No active profile set, falling back to 1 default profile: "default"
2025-03-04 16:09:52 [restartedMain] INFO  c.a.ProjetLocationApplication - Starting ProjetLocationApplication using Java 23.0.1 with PID 30692 (C:\Users\florian.bon\Documents\Spring\Projet\projet-location\target\classes started by florian.bon in C:\Users\florian.bon\Documents\Spring\Projet\projet-location)
2025-03-04 16:09:52 [restartedMain] DEBUG c.a.ProjetLocationApplication - Running with Spring Boot v3.4.2, Spring v6.2.2
2025-03-04 16:09:52 [restartedMain] INFO  c.a.ProjetLocationApplication - No active profile set, falling back to 1 default profile: "default"
2025-03-04 16:09:54 [restartedMain] INFO  c.a.ProjetLocationApplication - Starting ProjetLocationApplication using Java 23.0.1 with PID 30692 (C:\Users\florian.bon\Documents\Spring\Projet\projet-location\target\classes started by florian.bon in C:\Users\florian.bon\Documents\Spring\Projet\projet-location)
2025-03-04 16:09:54 [restartedMain] DEBUG c.a.ProjetLocationApplication - Running with Spring Boot v3.4.2, Spring v6.2.2
2025-03-04 16:09:54 [restartedMain] INFO  c.a.ProjetLocationApplication - No active profile set, falling back to 1 default profile: "default"
2025-03-04 16:10:06 [restartedMain] INFO  c.a.ProjetLocationApplication - Starting ProjetLocationApplication using Java 23.0.1 with PID 30692 (C:\Users\florian.bon\Documents\Spring\Projet\projet-location\target\classes started by florian.bon in C:\Users\florian.bon\Documents\Spring\Projet\projet-location)
2025-03-04 16:10:06 [restartedMain] DEBUG c.a.ProjetLocationApplication - Running with Spring Boot v3.4.2, Spring v6.2.2
2025-03-04 16:10:06 [restartedMain] INFO  c.a.ProjetLocationApplication - No active profile set, falling back to 1 default profile: "default"
2025-03-04 16:10:07 [restartedMain] INFO  c.a.ProjetLocationApplication - Started ProjetLocationApplication in 1.009 seconds (process running for 284.077)
2025-03-04 16:10:08 [restartedMain] INFO  c.a.ProjetLocationApplication - Starting ProjetLocationApplication using Java 23.0.1 with PID 30692 (C:\Users\florian.bon\Documents\Spring\Projet\projet-location\target\classes started by florian.bon in C:\Users\florian.bon\Documents\Spring\Projet\projet-location)
2025-03-04 16:10:08 [restartedMain] DEBUG c.a.ProjetLocationApplication - Running with Spring Boot v3.4.2, Spring v6.2.2
2025-03-04 16:10:08 [restartedMain] INFO  c.a.ProjetLocationApplication - No active profile set, falling back to 1 default profile: "default"
2025-03-04 16:10:09 [restartedMain] INFO  c.a.ProjetLocationApplication - Started ProjetLocationApplication in 0.981 seconds (process running for 286.561)
2025-03-04 16:10:25 [http-nio-8080-exec-5] INFO  c.a.c.vehicule.VehiculeController - Recherhcer vehicule : ACTIFS : VehiculeDto[voitures=[VoitureResponseDto[id=1, marque=Ford, modele=201, couleur=Rouge, nombreDePlaces=9, carburant=DIESEL, typeVoiture=CITADINE, nombresDePortes=TROIS, transmission=AUTO, climatisation=true, nombredeBagages=4, permis=B], VoitureResponseDto[id=2, marque=Ford, modele=2014, couleur=Rouge, nombreDePlaces=9, carburant=DIESEL, typeVoiture=CITADINE, nombresDePortes=CINQ, transmission=AUTO, climatisation=true, nombredeBagages=4, permis=B], VoitureResponseDto[id=3, marque=Ford, modele=Bravo, couleur=Rouge, nombreDePlaces=9, carburant=ESSENCE, typeVoiture=BERLINE, nombresDePortes=CINQ, transmission=AUTO, climatisation=true, nombredeBagages=4, permis=B]], velos=[VeloResponseDto[id=4, marque=Decathlon, modele=234, couleur=Noir, tarifJournalier=107, kilometrage=1073, actif=true, retireDuParc=false, tailleDuCadre=10, poids=10, electrique=false, autonomie=0, freinADisque=true, typeVelo=ROUTE], VeloResponseDto[id=5, marque=Decathlon, modele=234, couleur=Noir, tarifJournalier=107, kilometrage=1073, actif=true, retireDuParc=false, tailleDuCadre=10, poids=10, electrique=false, autonomie=0, freinADisque=true, typeVelo=ROUTE], VeloResponseDto[id=6, marque=Decathlon, modele=234, couleur=rouge, tarifJournalier=107, kilometrage=1073, actif=true, retireDuParc=false, tailleDuCadre=10, poids=10, electrique=true, autonomie=1073741824, freinADisque=true, typeVelo=ROUTE], VeloResponseDto[id=7, marque=Decathlon, modele=234, couleur=rouge, tarifJournalier=107, kilometrage=1073, actif=true, retireDuParc=false, tailleDuCadre=10, poids=10, electrique=true, autonomie=1073741824, freinADisque=true, typeVelo=ROUTE]]]
2025-03-04 16:10:31 [http-nio-8080-exec-3] INFO  c.a.c.vehicule.VehiculeController - Recherhcer vehicule : INACTIFS : VehiculeDto[voitures=[], velos=[]]
2025-03-04 16:10:40 [http-nio-8080-exec-7] INFO  c.a.c.vehicule.VehiculeController - Recherhcer vehicule : DANS_LE_PARC : VehiculeDto[voitures=[VoitureResponseDto[id=2, marque=Ford, modele=2014, couleur=Rouge, nombreDePlaces=9, carburant=DIESEL, typeVoiture=CITADINE, nombresDePortes=CINQ, transmission=AUTO, climatisation=true, nombredeBagages=4, permis=B], VoitureResponseDto[id=3, marque=Ford, modele=Bravo, couleur=Rouge, nombreDePlaces=9, carburant=ESSENCE, typeVoiture=BERLINE, nombresDePortes=CINQ, transmission=AUTO, climatisation=true, nombredeBagages=4, permis=B]], velos=[VeloResponseDto[id=4, marque=Decathlon, modele=234, couleur=Noir, tarifJournalier=107, kilometrage=1073, actif=true, retireDuParc=false, tailleDuCadre=10, poids=10, electrique=false, autonomie=0, freinADisque=true, typeVelo=ROUTE], VeloResponseDto[id=5, marque=Decathlon, modele=234, couleur=Noir, tarifJournalier=107, kilometrage=1073, actif=true, retireDuParc=false, tailleDuCadre=10, poids=10, electrique=false, autonomie=0, freinADisque=true, typeVelo=ROUTE], VeloResponseDto[id=6, marque=Decathlon, modele=234, couleur=rouge, tarifJournalier=107, kilometrage=1073, actif=true, retireDuParc=false, tailleDuCadre=10, poids=10, electrique=true, autonomie=1073741824, freinADisque=true, typeVelo=ROUTE], VeloResponseDto[id=7, marque=Decathlon, modele=234, couleur=rouge, tarifJournalier=107, kilometrage=1073, actif=true, retireDuParc=false, tailleDuCadre=10, poids=10, electrique=true, autonomie=1073741824, freinADisque=true, typeVelo=ROUTE]]]
2025-03-04 16:10:46 [http-nio-8080-exec-8] INFO  c.a.c.vehicule.VehiculeController - Recherhcer vehicule : HORS_DU_PARC : VehiculeDto[voitures=[VoitureResponseDto[id=1, marque=Ford, modele=201, couleur=Rouge, nombreDePlaces=9, carburant=DIESEL, typeVoiture=CITADINE, nombresDePortes=TROIS, transmission=AUTO, climatisation=true, nombredeBagages=4, permis=B]], velos=[]]
2025-03-04 16:32:29 [restartedMain] INFO  c.a.ProjetLocationApplication - Starting ProjetLocationApplication using Java 23.0.1 with PID 30692 (C:\Users\florian.bon\Documents\Spring\Projet\projet-location\target\classes started by florian.bon in C:\Users\florian.bon\Documents\Spring\Projet\projet-location)
2025-03-04 16:32:29 [restartedMain] DEBUG c.a.ProjetLocationApplication - Running with Spring Boot v3.4.2, Spring v6.2.2
2025-03-04 16:32:29 [restartedMain] INFO  c.a.ProjetLocationApplication - No active profile set, falling back to 1 default profile: "default"
2025-03-04 16:32:32 [restartedMain] INFO  c.a.ProjetLocationApplication - Started ProjetLocationApplication in 3.059 seconds (process running for 1629.283)
2025-03-04 16:32:41 [restartedMain] INFO  c.a.ProjetLocationApplication - Starting ProjetLocationApplication using Java 23.0.1 with PID 30692 (C:\Users\florian.bon\Documents\Spring\Projet\projet-location\target\classes started by florian.bon in C:\Users\florian.bon\Documents\Spring\Projet\projet-location)
2025-03-04 16:32:41 [restartedMain] DEBUG c.a.ProjetLocationApplication - Running with Spring Boot v3.4.2, Spring v6.2.2
2025-03-04 16:32:41 [restartedMain] INFO  c.a.ProjetLocationApplication - No active profile set, falling back to 1 default profile: "default"
2025-03-04 16:32:42 [restartedMain] INFO  c.a.ProjetLocationApplication - Started ProjetLocationApplication in 1.593 seconds (process running for 1639.593)
2025-03-04 16:58:16 [restartedMain] INFO  c.a.ProjetLocationApplication - Starting ProjetLocationApplication using Java 23.0.1 with PID 30692 (C:\Users\florian.bon\Documents\Spring\Projet\projet-location\target\classes started by florian.bon in C:\Users\florian.bon\Documents\Spring\Projet\projet-location)
2025-03-04 16:58:16 [restartedMain] DEBUG c.a.ProjetLocationApplication - Running with Spring Boot v3.4.2, Spring v6.2.2
2025-03-04 16:58:16 [restartedMain] INFO  c.a.ProjetLocationApplication - No active profile set, falling back to 1 default profile: "default"
2025-03-04 16:58:19 [restartedMain] INFO  c.a.ProjetLocationApplication - Starting ProjetLocationApplication using Java 23.0.1 with PID 30692 (C:\Users\florian.bon\Documents\Spring\Projet\projet-location\target\classes started by florian.bon in C:\Users\florian.bon\Documents\Spring\Projet\projet-location)
2025-03-04 16:58:19 [restartedMain] DEBUG c.a.ProjetLocationApplication - Running with Spring Boot v3.4.2, Spring v6.2.2
2025-03-04 16:58:19 [restartedMain] INFO  c.a.ProjetLocationApplication - No active profile set, falling back to 1 default profile: "default"
2025-03-04 16:58:20 [restartedMain] INFO  c.a.ProjetLocationApplication - Started ProjetLocationApplication in 1.335 seconds (process running for 3177.541)
2025-03-04 17:06:09 [restartedMain] INFO  c.a.ProjetLocationApplication - Starting ProjetLocationApplication using Java 23.0.1 with PID 30528 (C:\Users\florian.bon\Documents\Spring\Projet\projet-location\target\classes started by florian.bon in C:\Users\florian.bon\Documents\Spring\Projet\projet-location)
2025-03-04 17:06:09 [restartedMain] DEBUG c.a.ProjetLocationApplication - Running with Spring Boot v3.4.2, Spring v6.2.2
2025-03-04 17:06:09 [restartedMain] INFO  c.a.ProjetLocationApplication - No active profile set, falling back to 1 default profile: "default"
2025-03-04 17:06:15 [restartedMain] INFO  c.a.ProjetLocationApplication - Started ProjetLocationApplication in 6.256 seconds (process running for 8.196)
2025-03-04 17:10:16 [http-nio-8080-exec-3] INFO  c.a.c.vehicule.VehiculeController - Rechercher disponibles : debut : 2020-01-01fin : 2022-01-01 : VehiculeDto[voitures=[VoitureResponseDto[id=1, marque=Ford, modele=201, couleur=Rouge, nombreDePlaces=9, carburant=DIESEL, typeVoiture=CITADINE, nombresDePortes=TROIS, transmission=AUTO, climatisation=true, nombredeBagages=4, permis=B], VoitureResponseDto[id=2, marque=Ford, modele=2014, couleur=Rouge, nombreDePlaces=9, carburant=DIESEL, typeVoiture=CITADINE, nombresDePortes=CINQ, transmission=AUTO, climatisation=true, nombredeBagages=4, permis=B], VoitureResponseDto[id=3, marque=Ford, modele=Bravo, couleur=Rouge, nombreDePlaces=9, carburant=ESSENCE, typeVoiture=BERLINE, nombresDePortes=CINQ, transmission=AUTO, climatisation=true, nombredeBagages=4, permis=B]], velos=[VeloResponseDto[id=4, marque=Decathlon, modele=234, couleur=Noir, tarifJournalier=107, kilometrage=1073, actif=true, retireDuParc=false, tailleDuCadre=10, poids=10, electrique=false, autonomie=0, freinADisque=true, typeVelo=ROUTE], VeloResponseDto[id=5, marque=Decathlon, modele=234, couleur=Noir, tarifJournalier=107, kilometrage=1073, actif=true, retireDuParc=false, tailleDuCadre=10, poids=10, electrique=false, autonomie=0, freinADisque=true, typeVelo=ROUTE], VeloResponseDto[id=6, marque=Decathlon, modele=234, couleur=rouge, tarifJournalier=107, kilometrage=1073, actif=true, retireDuParc=false, tailleDuCadre=10, poids=10, electrique=true, autonomie=1073741824, freinADisque=true, typeVelo=ROUTE], VeloResponseDto[id=7, marque=Decathlon, modele=234, couleur=rouge, tarifJournalier=107, kilometrage=1073, actif=true, retireDuParc=false, tailleDuCadre=10, poids=10, electrique=true, autonomie=1073741824, freinADisque=true, typeVelo=ROUTE]]]
